{"/Users/mrithwik/projects/litigation-prep-assistant/frontend/src/components/pipeline-markdown-panel.tsx": {"path":"/Users/mrithwik/projects/litigation-prep-assistant/frontend/src/components/pipeline-markdown-panel.tsx","statementMap":{"0":{"start":{"line":1,"column":0},"end":{"line":1,"column":null}},"1":{"start":{"line":24,"column":2},"end":{"line":28,"column":null}},"2":{"start":{"line":25,"column":4},"end":{"line":28,"column":null}},"3":{"start":{"line":32,"column":2},"end":{"line":57,"column":null}},"4":{"start":{"line":35,"column":8},"end":{"line":55,"column":null}}},"fnMap":{"0":{"name":"PipelineMarkdownPanel","decl":{"start":{"line":19,"column":16},"end":{"line":19,"column":38}},"loc":{"start":{"line":23,"column":31},"end":{"line":57,"column":null}},"line":23},"1":{"name":"(anonymous_1)","decl":{"start":{"line":34,"column":16},"end":{"line":34,"column":21}},"loc":{"start":{"line":35,"column":8},"end":{"line":55,"column":null}},"line":35}},"branchMap":{"0":{"loc":{"start":{"line":22,"column":2},"end":{"line":22,"column":null}},"type":"default-arg","locations":[{"start":{"line":22,"column":14},"end":{"line":22,"column":null}}],"line":22},"1":{"loc":{"start":{"line":24,"column":2},"end":{"line":28,"column":null}},"type":"if","locations":[{"start":{"line":24,"column":2},"end":{"line":28,"column":null}},{"start":{},"end":{}}],"line":24},"2":{"loc":{"start":{"line":27,"column":9},"end":{"line":27,"column":null}},"type":"cond-expr","locations":[{"start":{"line":27,"column":21},"end":{"line":27,"column":45}},{"start":{"line":27,"column":45},"end":{"line":27,"column":null}}],"line":27}},"s":{"0":1,"1":12,"2":3,"3":9,"4":17},"f":{"0":12,"1":17},"b":{"0":[12],"1":[3,9],"2":[1,2]},"meta":{"lastBranch":3,"lastFunction":2,"lastStatement":5,"seen":{"s:1:0:1:Infinity":0,"f:19:16:19:38":0,"b:22:14:22:Infinity":0,"b:24:2:28:Infinity:undefined:undefined:undefined:undefined":1,"s:24:2:28:Infinity":1,"s:25:4:28:Infinity":2,"b:27:21:27:45:27:45:27:Infinity":2,"s:32:2:57:Infinity":3,"f:34:16:34:21":1,"s:35:8:55:Infinity":4}}}
,"/Users/mrithwik/projects/litigation-prep-assistant/frontend/src/lib/agent-step-markdown.ts": {"path":"/Users/mrithwik/projects/litigation-prep-assistant/frontend/src/lib/agent-step-markdown.ts","statementMap":{"0":{"start":{"line":6,"column":53},"end":{"line":12,"column":null}},"1":{"start":{"line":15,"column":2},"end":{"line":15,"column":null}},"2":{"start":{"line":15,"column":25},"end":{"line":15,"column":null}},"3":{"start":{"line":16,"column":2},"end":{"line":16,"column":null}},"4":{"start":{"line":16,"column":38},"end":{"line":16,"column":60}},"5":{"start":{"line":20,"column":26},"end":{"line":20,"column":48}},"6":{"start":{"line":21,"column":2},"end":{"line":22,"column":null}},"7":{"start":{"line":22,"column":4},"end":{"line":22,"column":null}},"8":{"start":{"line":24,"column":2},"end":{"line":24,"column":null}},"9":{"start":{"line":25,"column":19},"end":{"line":25,"column":72}},"10":{"start":{"line":26,"column":2},"end":{"line":32,"column":null}},"11":{"start":{"line":27,"column":4},"end":{"line":27,"column":null}},"12":{"start":{"line":27,"column":41},"end":{"line":27,"column":null}},"13":{"start":{"line":28,"column":14},"end":{"line":28,"column":null}},"14":{"start":{"line":29,"column":17},"end":{"line":29,"column":null}},"15":{"start":{"line":30,"column":17},"end":{"line":30,"column":null}},"16":{"start":{"line":31,"column":17},"end":{"line":31,"column":null}},"17":{"start":{"line":32,"column":4},"end":{"line":32,"column":null}},"18":{"start":{"line":34,"column":2},"end":{"line":34,"column":null}},"19":{"start":{"line":35,"column":19},"end":{"line":37,"column":8}},"20":{"start":{"line":38,"column":2},"end":{"line":43,"column":null}},"21":{"start":{"line":39,"column":4},"end":{"line":39,"column":null}},"22":{"start":{"line":39,"column":39},"end":{"line":39,"column":null}},"23":{"start":{"line":40,"column":14},"end":{"line":40,"column":null}},"24":{"start":{"line":41,"column":17},"end":{"line":41,"column":null}},"25":{"start":{"line":42,"column":18},"end":{"line":42,"column":null}},"26":{"start":{"line":43,"column":4},"end":{"line":43,"column":null}},"27":{"start":{"line":45,"column":2},"end":{"line":45,"column":null}},"28":{"start":{"line":49,"column":17},"end":{"line":49,"column":45}},"29":{"start":{"line":50,"column":2},"end":{"line":51,"column":null}},"30":{"start":{"line":51,"column":4},"end":{"line":51,"column":null}},"31":{"start":{"line":53,"column":26},"end":{"line":53,"column":56}},"32":{"start":{"line":54,"column":2},"end":{"line":56,"column":null}},"33":{"start":{"line":55,"column":4},"end":{"line":55,"column":null}},"34":{"start":{"line":57,"column":2},"end":{"line":57,"column":null}},"35":{"start":{"line":61,"column":26},"end":{"line":61,"column":50}},"36":{"start":{"line":62,"column":2},"end":{"line":63,"column":null}},"37":{"start":{"line":63,"column":4},"end":{"line":63,"column":null}},"38":{"start":{"line":65,"column":2},"end":{"line":65,"column":null}},"39":{"start":{"line":66,"column":2},"end":{"line":67,"column":null}},"40":{"start":{"line":67,"column":4},"end":{"line":67,"column":null}},"41":{"start":{"line":69,"column":2},"end":{"line":69,"column":null}},"42":{"start":{"line":70,"column":15},"end":{"line":70,"column":70}},"43":{"start":{"line":71,"column":2},"end":{"line":82,"column":null}},"44":{"start":{"line":72,"column":4},"end":{"line":72,"column":null}},"45":{"start":{"line":72,"column":41},"end":{"line":72,"column":null}},"46":{"start":{"line":73,"column":14},"end":{"line":73,"column":null}},"47":{"start":{"line":74,"column":18},"end":{"line":74,"column":null}},"48":{"start":{"line":76,"column":6},"end":{"line":76,"column":null}},"49":{"start":{"line":78,"column":6},"end":{"line":78,"column":null}},"50":{"start":{"line":79,"column":4},"end":{"line":79,"column":null}},"51":{"start":{"line":80,"column":4},"end":{"line":80,"column":null}},"52":{"start":{"line":81,"column":4},"end":{"line":81,"column":null}},"53":{"start":{"line":82,"column":4},"end":{"line":82,"column":null}},"54":{"start":{"line":84,"column":2},"end":{"line":84,"column":null}},"55":{"start":{"line":85,"column":2},"end":{"line":86,"column":null}},"56":{"start":{"line":86,"column":4},"end":{"line":86,"column":null}},"57":{"start":{"line":89,"column":4},"end":{"line":91,"column":null}},"58":{"start":{"line":92,"column":2},"end":{"line":92,"column":null}},"59":{"start":{"line":93,"column":2},"end":{"line":93,"column":null}},"60":{"start":{"line":98,"column":4},"end":{"line":98,"column":null}},"61":{"start":{"line":99,"column":2},"end":{"line":99,"column":null}},"62":{"start":{"line":104,"column":4},"end":{"line":104,"column":null}},"63":{"start":{"line":105,"column":26},"end":{"line":105,"column":null}},"64":{"start":{"line":106,"column":13},"end":{"line":106,"column":57}},"65":{"start":{"line":107,"column":2},"end":{"line":108,"column":null}},"66":{"start":{"line":107,"column":17},"end":{"line":107,"column":null}},"67":{"start":{"line":107,"column":45},"end":{"line":107,"column":54}},"68":{"start":{"line":108,"column":7},"end":{"line":108,"column":null}},"69":{"start":{"line":109,"column":2},"end":{"line":109,"column":null}},"70":{"start":{"line":110,"column":13},"end":{"line":110,"column":48}},"71":{"start":{"line":111,"column":2},"end":{"line":112,"column":null}},"72":{"start":{"line":111,"column":17},"end":{"line":111,"column":null}},"73":{"start":{"line":111,"column":45},"end":{"line":111,"column":54}},"74":{"start":{"line":112,"column":7},"end":{"line":112,"column":null}},"75":{"start":{"line":113,"column":2},"end":{"line":113,"column":null}},"76":{"start":{"line":114,"column":13},"end":{"line":114,"column":45}},"77":{"start":{"line":115,"column":2},"end":{"line":116,"column":null}},"78":{"start":{"line":115,"column":17},"end":{"line":115,"column":null}},"79":{"start":{"line":115,"column":45},"end":{"line":115,"column":54}},"80":{"start":{"line":116,"column":7},"end":{"line":116,"column":null}},"81":{"start":{"line":117,"column":2},"end":{"line":117,"column":null}},"82":{"start":{"line":124,"column":2},"end":{"line":124,"column":null}},"83":{"start":{"line":124,"column":15},"end":{"line":124,"column":null}},"84":{"start":{"line":125,"column":2},"end":{"line":137,"column":null}},"85":{"start":{"line":127,"column":6},"end":{"line":127,"column":null}},"86":{"start":{"line":129,"column":6},"end":{"line":129,"column":null}},"87":{"start":{"line":131,"column":6},"end":{"line":131,"column":null}},"88":{"start":{"line":133,"column":6},"end":{"line":133,"column":null}},"89":{"start":{"line":135,"column":6},"end":{"line":135,"column":null}},"90":{"start":{"line":137,"column":6},"end":{"line":137,"column":null}}},"fnMap":{"0":{"name":"asStringArray","decl":{"start":{"line":14,"column":9},"end":{"line":14,"column":23}},"loc":{"start":{"line":14,"column":45},"end":{"line":16,"column":null}},"line":14},"1":{"name":"(anonymous_1)","decl":{"start":{"line":16,"column":11},"end":{"line":16,"column":19}},"loc":{"start":{"line":16,"column":38},"end":{"line":16,"column":60}},"line":16},"2":{"name":"extractionToMarkdown","decl":{"start":{"line":19,"column":9},"end":{"line":19,"column":30}},"loc":{"start":{"line":19,"column":71},"end":{"line":45,"column":null}},"line":19},"3":{"name":"ragChunksToMarkdown","decl":{"start":{"line":48,"column":9},"end":{"line":48,"column":29}},"loc":{"start":{"line":48,"column":70},"end":{"line":57,"column":null}},"line":48},"4":{"name":"(anonymous_4)","decl":{"start":{"line":54,"column":9},"end":{"line":54,"column":18}},"loc":{"start":{"line":54,"column":31},"end":{"line":56,"column":null}},"line":54},"5":{"name":"strategyToMarkdown","decl":{"start":{"line":60,"column":9},"end":{"line":60,"column":28}},"loc":{"start":{"line":60,"column":69},"end":{"line":93,"column":null}},"line":60},"6":{"name":"draftingToMarkdown","decl":{"start":{"line":96,"column":9},"end":{"line":96,"column":28}},"loc":{"start":{"line":96,"column":69},"end":{"line":99,"column":null}},"line":96},"7":{"name":"qaToMarkdown","decl":{"start":{"line":102,"column":9},"end":{"line":102,"column":22}},"loc":{"start":{"line":102,"column":63},"end":{"line":117,"column":null}},"line":102},"8":{"name":"(anonymous_8)","decl":{"start":{"line":107,"column":34},"end":{"line":107,"column":39}},"loc":{"start":{"line":107,"column":45},"end":{"line":107,"column":54}},"line":107},"9":{"name":"(anonymous_9)","decl":{"start":{"line":111,"column":34},"end":{"line":111,"column":39}},"loc":{"start":{"line":111,"column":45},"end":{"line":111,"column":54}},"line":111},"10":{"name":"(anonymous_10)","decl":{"start":{"line":115,"column":34},"end":{"line":115,"column":39}},"loc":{"start":{"line":115,"column":45},"end":{"line":115,"column":54}},"line":115},"11":{"name":"stepResultToMarkdown","decl":{"start":{"line":120,"column":16},"end":{"line":120,"column":null}},"loc":{"start":{"line":123,"column":17},"end":{"line":137,"column":null}},"line":123}},"branchMap":{"0":{"loc":{"start":{"line":15,"column":2},"end":{"line":15,"column":null}},"type":"if","locations":[{"start":{"line":15,"column":2},"end":{"line":15,"column":null}},{"start":{},"end":{}}],"line":15},"1":{"loc":{"start":{"line":25,"column":19},"end":{"line":25,"column":72}},"type":"cond-expr","locations":[{"start":{"line":25,"column":52},"end":{"line":25,"column":70}},{"start":{"line":25,"column":70},"end":{"line":25,"column":72}}],"line":25},"2":{"loc":{"start":{"line":27,"column":4},"end":{"line":27,"column":null}},"type":"if","locations":[{"start":{"line":27,"column":4},"end":{"line":27,"column":null}},{"start":{},"end":{}}],"line":27},"3":{"loc":{"start":{"line":27,"column":8},"end":{"line":27,"column":41}},"type":"binary-expr","locations":[{"start":{"line":27,"column":8},"end":{"line":27,"column":16}},{"start":{"line":27,"column":16},"end":{"line":27,"column":41}}],"line":27},"4":{"loc":{"start":{"line":29,"column":17},"end":{"line":29,"column":null}},"type":"cond-expr","locations":[{"start":{"line":29,"column":46},"end":{"line":29,"column":55}},{"start":{"line":29,"column":55},"end":{"line":29,"column":null}}],"line":29},"5":{"loc":{"start":{"line":30,"column":17},"end":{"line":30,"column":null}},"type":"cond-expr","locations":[{"start":{"line":30,"column":46},"end":{"line":30,"column":55}},{"start":{"line":30,"column":55},"end":{"line":30,"column":null}}],"line":30},"6":{"loc":{"start":{"line":31,"column":17},"end":{"line":31,"column":null}},"type":"cond-expr","locations":[{"start":{"line":31,"column":46},"end":{"line":31,"column":55}},{"start":{"line":31,"column":55},"end":{"line":31,"column":null}}],"line":31},"7":{"loc":{"start":{"line":35,"column":19},"end":{"line":37,"column":8}},"type":"cond-expr","locations":[{"start":{"line":36,"column":6},"end":{"line":36,"column":null}},{"start":{"line":37,"column":6},"end":{"line":37,"column":8}}],"line":35},"8":{"loc":{"start":{"line":39,"column":4},"end":{"line":39,"column":null}},"type":"if","locations":[{"start":{"line":39,"column":4},"end":{"line":39,"column":null}},{"start":{},"end":{}}],"line":39},"9":{"loc":{"start":{"line":39,"column":8},"end":{"line":39,"column":39}},"type":"binary-expr","locations":[{"start":{"line":39,"column":8},"end":{"line":39,"column":15}},{"start":{"line":39,"column":15},"end":{"line":39,"column":39}}],"line":39},"10":{"loc":{"start":{"line":41,"column":17},"end":{"line":41,"column":null}},"type":"cond-expr","locations":[{"start":{"line":41,"column":46},"end":{"line":41,"column":55}},{"start":{"line":41,"column":55},"end":{"line":41,"column":null}}],"line":41},"11":{"loc":{"start":{"line":42,"column":18},"end":{"line":42,"column":null}},"type":"cond-expr","locations":[{"start":{"line":42,"column":48},"end":{"line":42,"column":58}},{"start":{"line":42,"column":58},"end":{"line":42,"column":null}}],"line":42},"12":{"loc":{"start":{"line":50,"column":2},"end":{"line":51,"column":null}},"type":"if","locations":[{"start":{"line":50,"column":2},"end":{"line":51,"column":null}},{"start":{},"end":{}}],"line":50},"13":{"loc":{"start":{"line":55,"column":44},"end":{"line":55,"column":66}},"type":"binary-expr","locations":[{"start":{"line":55,"column":44},"end":{"line":55,"column":53}},{"start":{"line":55,"column":53},"end":{"line":55,"column":66}}],"line":55},"14":{"loc":{"start":{"line":70,"column":15},"end":{"line":70,"column":70}},"type":"cond-expr","locations":[{"start":{"line":70,"column":49},"end":{"line":70,"column":68}},{"start":{"line":70,"column":68},"end":{"line":70,"column":70}}],"line":70},"15":{"loc":{"start":{"line":72,"column":4},"end":{"line":72,"column":null}},"type":"if","locations":[{"start":{"line":72,"column":4},"end":{"line":72,"column":null}},{"start":{},"end":{}}],"line":72},"16":{"loc":{"start":{"line":72,"column":8},"end":{"line":72,"column":41}},"type":"binary-expr","locations":[{"start":{"line":72,"column":8},"end":{"line":72,"column":16}},{"start":{"line":72,"column":16},"end":{"line":72,"column":41}}],"line":72},"17":{"loc":{"start":{"line":74,"column":18},"end":{"line":74,"column":null}},"type":"cond-expr","locations":[{"start":{"line":74,"column":48},"end":{"line":74,"column":58}},{"start":{"line":74,"column":58},"end":{"line":74,"column":null}}],"line":74},"18":{"loc":{"start":{"line":76,"column":6},"end":{"line":76,"column":null}},"type":"cond-expr","locations":[{"start":{"line":76,"column":52},"end":{"line":76,"column":78}},{"start":{"line":76,"column":78},"end":{"line":76,"column":null}}],"line":76},"19":{"loc":{"start":{"line":78,"column":6},"end":{"line":78,"column":null}},"type":"cond-expr","locations":[{"start":{"line":78,"column":47},"end":{"line":78,"column":68}},{"start":{"line":78,"column":68},"end":{"line":78,"column":null}}],"line":78},"20":{"loc":{"start":{"line":89,"column":4},"end":{"line":91,"column":null}},"type":"cond-expr","locations":[{"start":{"line":90,"column":8},"end":{"line":90,"column":37}},{"start":{"line":91,"column":8},"end":{"line":91,"column":null}}],"line":89},"21":{"loc":{"start":{"line":98,"column":4},"end":{"line":98,"column":null}},"type":"cond-expr","locations":[{"start":{"line":98,"column":48},"end":{"line":98,"column":76}},{"start":{"line":98,"column":79},"end":{"line":98,"column":null}}],"line":98},"22":{"loc":{"start":{"line":104,"column":4},"end":{"line":104,"column":null}},"type":"cond-expr","locations":[{"start":{"line":104,"column":44},"end":{"line":104,"column":64}},{"start":{"line":104,"column":64},"end":{"line":104,"column":null}}],"line":104},"23":{"loc":{"start":{"line":107,"column":2},"end":{"line":108,"column":null}},"type":"if","locations":[{"start":{"line":107,"column":2},"end":{"line":108,"column":null}},{"start":{"line":108,"column":7},"end":{"line":108,"column":null}}],"line":107},"24":{"loc":{"start":{"line":111,"column":2},"end":{"line":112,"column":null}},"type":"if","locations":[{"start":{"line":111,"column":2},"end":{"line":112,"column":null}},{"start":{"line":112,"column":7},"end":{"line":112,"column":null}}],"line":111},"25":{"loc":{"start":{"line":115,"column":2},"end":{"line":116,"column":null}},"type":"if","locations":[{"start":{"line":115,"column":2},"end":{"line":116,"column":null}},{"start":{"line":116,"column":7},"end":{"line":116,"column":null}}],"line":115},"26":{"loc":{"start":{"line":124,"column":2},"end":{"line":124,"column":null}},"type":"if","locations":[{"start":{"line":124,"column":2},"end":{"line":124,"column":null}},{"start":{},"end":{}}],"line":124},"27":{"loc":{"start":{"line":125,"column":2},"end":{"line":137,"column":null}},"type":"switch","locations":[{"start":{"line":126,"column":4},"end":{"line":127,"column":null}},{"start":{"line":128,"column":4},"end":{"line":129,"column":null}},{"start":{"line":130,"column":4},"end":{"line":131,"column":null}},{"start":{"line":132,"column":4},"end":{"line":133,"column":null}},{"start":{"line":134,"column":4},"end":{"line":135,"column":null}},{"start":{"line":136,"column":4},"end":{"line":137,"column":null}}],"line":125}},"s":{"0":1,"1":42,"2":1,"3":41,"4":32,"5":7,"6":7,"7":12,"8":7,"9":7,"10":7,"11":15,"12":2,"13":13,"14":13,"15":15,"16":15,"17":15,"18":7,"19":7,"20":7,"21":7,"22":0,"23":7,"24":7,"25":7,"26":7,"27":7,"28":5,"29":5,"30":2,"31":3,"32":3,"33":5,"34":3,"35":4,"36":4,"37":4,"38":4,"39":4,"40":4,"41":4,"42":4,"43":4,"44":3,"45":0,"46":3,"47":3,"48":3,"49":3,"50":3,"51":3,"52":3,"53":3,"54":4,"55":4,"56":4,"57":4,"58":4,"59":4,"60":4,"61":4,"62":6,"63":6,"64":6,"65":6,"66":1,"67":1,"68":5,"69":6,"70":6,"71":6,"72":1,"73":1,"74":5,"75":6,"76":6,"77":6,"78":1,"79":1,"80":5,"81":6,"82":28,"83":1,"84":27,"85":7,"86":5,"87":4,"88":4,"89":6,"90":1},"f":{"0":42,"1":32,"2":7,"3":5,"4":5,"5":4,"6":4,"7":6,"8":1,"9":1,"10":1,"11":28},"b":{"0":[1,41],"1":[7,0],"2":[2,13],"3":[15,14],"4":[13,0],"5":[13,0],"6":[13,0],"7":[7,0],"8":[0,7],"9":[7,7],"10":[7,0],"11":[7,0],"12":[2,3],"13":[5,0],"14":[4,0],"15":[0,3],"16":[3,3],"17":[3,0],"18":[3,0],"19":[3,0],"20":[4,0],"21":[3,1],"22":[5,1],"23":[1,5],"24":[1,5],"25":[1,5],"26":[1,27],"27":[27,5,4,4,6,1]},"meta":{"lastBranch":28,"lastFunction":12,"lastStatement":91,"seen":{"s:6:53:12:Infinity":0,"f:14:9:14:23":0,"b:15:2:15:Infinity:undefined:undefined:undefined:undefined":0,"s:15:2:15:Infinity":1,"s:15:25:15:Infinity":2,"s:16:2:16:Infinity":3,"f:16:11:16:19":1,"s:16:38:16:60":4,"f:19:9:19:30":2,"s:20:26:20:48":5,"s:21:2:22:Infinity":6,"s:22:4:22:Infinity":7,"s:24:2:24:Infinity":8,"s:25:19:25:72":9,"b:25:52:25:70:25:70:25:72":1,"s:26:2:32:Infinity":10,"b:27:4:27:Infinity:undefined:undefined:undefined:undefined":2,"s:27:4:27:Infinity":11,"b:27:8:27:16:27:16:27:41":3,"s:27:41:27:Infinity":12,"s:28:14:28:Infinity":13,"s:29:17:29:Infinity":14,"b:29:46:29:55:29:55:29:Infinity":4,"s:30:17:30:Infinity":15,"b:30:46:30:55:30:55:30:Infinity":5,"s:31:17:31:Infinity":16,"b:31:46:31:55:31:55:31:Infinity":6,"s:32:4:32:Infinity":17,"s:34:2:34:Infinity":18,"s:35:19:37:8":19,"b:36:6:36:Infinity:37:6:37:8":7,"s:38:2:43:Infinity":20,"b:39:4:39:Infinity:undefined:undefined:undefined:undefined":8,"s:39:4:39:Infinity":21,"b:39:8:39:15:39:15:39:39":9,"s:39:39:39:Infinity":22,"s:40:14:40:Infinity":23,"s:41:17:41:Infinity":24,"b:41:46:41:55:41:55:41:Infinity":10,"s:42:18:42:Infinity":25,"b:42:48:42:58:42:58:42:Infinity":11,"s:43:4:43:Infinity":26,"s:45:2:45:Infinity":27,"f:48:9:48:29":3,"s:49:17:49:45":28,"b:50:2:51:Infinity:undefined:undefined:undefined:undefined":12,"s:50:2:51:Infinity":29,"s:51:4:51:Infinity":30,"s:53:26:53:56":31,"s:54:2:56:Infinity":32,"f:54:9:54:18":4,"s:55:4:55:Infinity":33,"b:55:44:55:53:55:53:55:66":13,"s:57:2:57:Infinity":34,"f:60:9:60:28":5,"s:61:26:61:50":35,"s:62:2:63:Infinity":36,"s:63:4:63:Infinity":37,"s:65:2:65:Infinity":38,"s:66:2:67:Infinity":39,"s:67:4:67:Infinity":40,"s:69:2:69:Infinity":41,"s:70:15:70:70":42,"b:70:49:70:68:70:68:70:70":14,"s:71:2:82:Infinity":43,"b:72:4:72:Infinity:undefined:undefined:undefined:undefined":15,"s:72:4:72:Infinity":44,"b:72:8:72:16:72:16:72:41":16,"s:72:41:72:Infinity":45,"s:73:14:73:Infinity":46,"s:74:18:74:Infinity":47,"b:74:48:74:58:74:58:74:Infinity":17,"s:76:6:76:Infinity":48,"b:76:52:76:78:76:78:76:Infinity":18,"s:78:6:78:Infinity":49,"b:78:47:78:68:78:68:78:Infinity":19,"s:79:4:79:Infinity":50,"s:80:4:80:Infinity":51,"s:81:4:81:Infinity":52,"s:82:4:82:Infinity":53,"s:84:2:84:Infinity":54,"s:85:2:86:Infinity":55,"s:86:4:86:Infinity":56,"s:89:4:91:Infinity":57,"b:90:8:90:37:91:8:91:Infinity":20,"s:92:2:92:Infinity":58,"s:93:2:93:Infinity":59,"f:96:9:96:28":6,"s:98:4:98:Infinity":60,"b:98:48:98:76:98:79:98:Infinity":21,"s:99:2:99:Infinity":61,"f:102:9:102:22":7,"s:104:4:104:Infinity":62,"b:104:44:104:64:104:64:104:Infinity":22,"s:105:26:105:Infinity":63,"s:106:13:106:57":64,"b:107:2:108:Infinity:108:7:108:Infinity":23,"s:107:2:108:Infinity":65,"s:107:17:107:Infinity":66,"f:107:34:107:39":8,"s:107:45:107:54":67,"s:108:7:108:Infinity":68,"s:109:2:109:Infinity":69,"s:110:13:110:48":70,"b:111:2:112:Infinity:112:7:112:Infinity":24,"s:111:2:112:Infinity":71,"s:111:17:111:Infinity":72,"f:111:34:111:39":9,"s:111:45:111:54":73,"s:112:7:112:Infinity":74,"s:113:2:113:Infinity":75,"s:114:13:114:45":76,"b:115:2:116:Infinity:116:7:116:Infinity":25,"s:115:2:116:Infinity":77,"s:115:17:115:Infinity":78,"f:115:34:115:39":10,"s:115:45:115:54":79,"s:116:7:116:Infinity":80,"s:117:2:117:Infinity":81,"f:120:16:120:Infinity":11,"b:124:2:124:Infinity:undefined:undefined:undefined:undefined":26,"s:124:2:124:Infinity":82,"s:124:15:124:Infinity":83,"b:126:4:127:Infinity:128:4:129:Infinity:130:4:131:Infinity:132:4:133:Infinity:134:4:135:Infinity:136:4:137:Infinity":27,"s:125:2:137:Infinity":84,"s:127:6:127:Infinity":85,"s:129:6:129:Infinity":86,"s:131:6:131:Infinity":87,"s:133:6:133:Infinity":88,"s:135:6:135:Infinity":89,"s:137:6:137:Infinity":90}}}
}
